<?xml version="1.0" encoding="UTF-8"?>
<testng-results ignored="0" total="1" passed="1" failed="0" skipped="0">
  <reporter-output>
  </reporter-output>
  <suite started-at="2025-08-14T01:43:00 IST" name="Default suite" finished-at="2025-08-14T01:43:02 IST" duration-ms="2895">
    <groups>
    </groups>
    <test started-at="2025-08-14T01:43:00 IST" name="Default test" finished-at="2025-08-14T01:43:02 IST" duration-ms="2895">
      <class name="day4.parsingJsonResponseData">
        <test-method signature="parsingJsonRessponseData()[pri:0, instance:day4.parsingJsonResponseData@17a7f733]" started-at="2025-08-14T01:43:00 IST" name="parsingJsonRessponseData" finished-at="2025-08-14T01:43:02 IST" duration-ms="2856" status="PASS">
          <reporter-output>
          </reporter-output>
        </test-method> <!-- parsingJsonRessponseData -->
      </class> <!-- day4.parsingJsonResponseData -->
    </test> <!-- Default test -->
  </suite> <!-- Default suite -->
</testng-results>
