<?xml version="1.0" encoding="UTF-8"?>
<testng-results ignored="3" total="4" passed="1" failed="0" skipped="0">
  <reporter-output>
  </reporter-output>
  <suite started-at="2025-08-13T02:42:17 IST" name="Default suite" finished-at="2025-08-13T02:42:19 IST" duration-ms="2013">
    <groups>
    </groups>
    <test started-at="2025-08-13T02:42:17 IST" name="Default test" finished-at="2025-08-13T02:42:19 IST" duration-ms="2013">
      <class name="day2.DifferentWayToCreateBody">
        <test-method signature="usingExternalJsonFile()[pri:0, instance:day2.DifferentWayToCreateBody@394a2528]" started-at="2025-08-13T02:42:17 IST" name="usingExternalJsonFile" finished-at="2025-08-13T02:42:19 IST" duration-ms="1971" status="PASS">
          <reporter-output>
          </reporter-output>
        </test-method> <!-- usingExternalJsonFile -->
      </class> <!-- day2.DifferentWayToCreateBody -->
    </test> <!-- Default test -->
  </suite> <!-- Default suite -->
</testng-results>
