<?xml version="1.0" encoding="UTF-8"?>
<!-- Generated by org.testng.reporters.JUnitXMLReporter -->
<testsuite ignored="0" hostname="LAPTOP-MVH0O3DS" failures="0" tests="5" name="Default test" time="5.725" errors="0" timestamp="2025-08-10T23:04:01 IST">
  <testcase classname="day1.HTTPRequest" name="getUser" time="2.433"/>
  <testcase classname="day1.HTTPRequest" name="createUser" time="1.531"/>
  <testcase classname="day1.HTTPRequest" name="getNewUser" time="0.646"/>
  <testcase classname="day1.HTTPRequest" name="updateUser" time="0.652"/>
  <testcase classname="day1.HTTPRequest" name="deleteUser" time="0.408"/>
</testsuite> <!-- Default test -->
