<?xml version="1.0" encoding="UTF-8"?>
<!-- Generated by org.testng.reporters.JUnitXMLReporter -->
<testsuite ignored="3" hostname="LAPTOP-MVH0O3DS" failures="0" tests="1" name="Default test" time="2.219" errors="0" timestamp="2025-08-13T21:58:01 IST">
  <testcase classname="day3.cookiesAndHeaders" name="logAllHeader" time="2.185"/>
  <testcase classname="day3.cookiesAndHeaders" name="singgleAndMultipleHeaders" time="0.0">
    <ignored/>
  </testcase> <!-- singgleAndMultipleHeaders -->
  <testcase classname="day3.cookiesAndHeaders" name="singleCookie" time="0.0">
    <ignored/>
  </testcase> <!-- singleCookie -->
  <testcase classname="day3.cookiesAndHeaders" name="multipleCookie" time="0.0">
    <ignored/>
  </testcase> <!-- multipleCookie -->
</testsuite> <!-- Default test -->
